SF:bouncie_credentials.py
DA:8,1
DA:10,1
DA:11,1
DA:13,1
DA:15,1
DA:18,1
DA:38,0
DA:39,0
DA:43,0
DA:44,0
DA:46,0
DA:48,0
DA:61,0
DA:65,0
DA:77,0
DA:78,0
DA:79,0
DA:93,1
DA:108,0
DA:109,0
DA:113,0
DA:114,0
DA:115,0
DA:116,0
DA:117,0
DA:118,0
DA:119,0
DA:120,0
DA:121,0
DA:122,0
DA:123,0
DA:124,0
DA:125,0
DA:126,0
DA:127,0
DA:128,0
DA:129,0
DA:130,0
DA:131,0
DA:132,0
DA:133,0
DA:134,0
DA:135,0
DA:136,0
DA:137,0
DA:138,0
DA:139,0
DA:140,0
DA:141,0
DA:142,0
DA:143,0
DA:144,0
DA:145,0
DA:146,0
DA:147,0
DA:148,0
DA:149,0
DA:150,0
DA:152,0
DA:153,0
DA:154,0
DA:155,0
DA:157,0
DA:158,0
DA:159,0
DA:160,0
DA:161,0
DA:162,0
DA:163,0
DA:164,0
DA:165,0
DA:166,0
DA:167,0
DA:168,0
DA:169,0
DA:170,0
DA:171,0
DA:172,0
DA:173,0
DA:174,0
DA:175,0
DA:176,0
DA:177,0
DA:178,0
DA:179,0
DA:180,0
DA:181,0
DA:182,0
DA:183,0
DA:184,0
DA:186,0
DA:188,0
DA:189,0
DA:190,0
DA:191,0
DA:192,0
DA:193,0
DA:195,0
DA:196,0
DA:197,0
DA:199,0
DA:200,0
DA:201,0
DA:204,1
DA:214,1
DA:221,1
DA:222,1
DA:223,1
DA:225,1
DA:226,1
DA:228,1
LF:111
LH:15
FN:18,90,get_bouncie_credentials
FNDA:0,get_bouncie_credentials
FN:93,201,update_bouncie_credentials
FNDA:0,update_bouncie_credentials
FN:204,228,validate_bouncie_credentials
FNDA:1,validate_bouncie_credentials
FNF:3
FNH:1
end_of_record
SF:bouncie_webhook_api.py
DA:7,1
DA:9,1
DA:10,1
DA:11,1
DA:12,1
DA:13,1
DA:15,1
DA:17,1
DA:18,1
DA:19,1
DA:26,1
DA:27,1
DA:29,1
DA:31,1
DA:39,1
DA:40,1
DA:41,1
DA:42,1
DA:43,1
DA:44,1
DA:48,1
DA:49,1
DA:50,1
DA:51,1
DA:52,1
DA:54,0
DA:58,1
DA:59,1
DA:60,1
DA:61,1
DA:62,0
DA:63,0
DA:65,0
DA:66,0
DA:68,1
DA:69,1
DA:70,0
DA:71,0
DA:77,1
DA:78,1
DA:79,1
DA:80,1
DA:81,1
DA:90,0
DA:91,0
DA:95,0
DA:96,0
DA:97,0
DA:98,0
DA:100,0
DA:101,0
DA:102,0
DA:103,0
DA:104,0
DA:106,0
DA:107,0
DA:111,0
DA:113,0
DA:114,0
DA:115,0
DA:116,0
DA:117,0
DA:120,1
DA:121,1
DA:123,0
DA:124,0
DA:125,0
DA:126,0
LF:68
LH:38
FN:39,74,_dispatch_event
FNDA:1,_dispatch_event
FN:81,117,bouncie_webhook
FNDA:0,bouncie_webhook
FN:121,126,bouncie_webhook_status
FNDA:0,bouncie_webhook_status
FNF:3
FNH:1
end_of_record
SF:core/api.py
DA:3,1
DA:4,1
DA:5,1
DA:7,1
DA:9,1
DA:21,1
DA:38,1
DA:39,1
DA:40,1
DA:41,1
DA:42,1
DA:43,1
DA:45,1
DA:46,1
DA:47,1
DA:48,1
DA:52,1
DA:53,1
DA:54,1
DA:58,1
DA:59,1
DA:60,1
DA:64,1
DA:65,1
DA:70,1
DA:74,1
DA:75,1
DA:80,1
DA:84,1
DA:85,1
DA:90,1
DA:94,1
DA:95,1
DA:100,1
DA:104,1
DA:106,0
DA:111,0
DA:115,1
DA:117,1
DA:118,1
DA:123,1
DA:125,1
LF:42
LH:40
FN:21,125,api_route
FNDA:1,api_route
FN:38,123,api_route.decorator
FNDA:1,api_route.decorator
FN:40,121,api_route.decorator.wrapper
FNDA:1,api_route.decorator.wrapper
FNF:3
FNH:3
end_of_record
SF:core/exceptions.py
DA:10,1
DA:13,1
DA:14,1
DA:15,1
DA:16,1
DA:19,1
DA:23,1
DA:27,1
DA:31,1
DA:35,1
DA:39,1
DA:43,1
LF:12
LH:12
FN:13,16,EveryStreetException.__init__
FNDA:1,EveryStreetException.__init__
FNF:1
FNH:1
end_of_record
SF:date_utils.py
DA:20,1
DA:21,1
DA:23,1
DA:25,1
DA:28,1
DA:30,0
DA:33,1
DA:48,1
DA:49,1
DA:50,1
DA:52,1
DA:53,1
DA:55,1
DA:57,1
DA:58,1
DA:59,1
DA:60,1
DA:61,1
DA:64,1
DA:67,1
DA:68,0
DA:70,1
DA:71,1
DA:73,1
DA:76,1
DA:79,1
DA:80,0
DA:82,1
DA:83,0
DA:85,1
DA:86,1
DA:88,1
DA:89,1
DA:90,1
DA:91,1
DA:93,0
DA:94,0
DA:95,0
DA:96,0
DA:100,0
DA:102,0
DA:104,0
DA:105,0
DA:108,1
DA:111,1
DA:112,1
DA:113,1
DA:115,0
DA:116,0
DA:118,0
LF:50
LH:35
FN:28,30,get_current_utc_time
FNDA:0,get_current_utc_time
FN:33,61,parse_timestamp
FNDA:1,parse_timestamp
FN:64,73,ensure_utc
FNDA:1,ensure_utc
FN:76,105,normalize_to_utc_datetime
FNDA:1,normalize_to_utc_datetime
FN:108,118,normalize_calendar_date
FNDA:1,normalize_calendar_date
FNF:5
FNH:4
end_of_record
SF:db/models.py
DA:25,1
DA:27,1
DA:28,1
DA:30,1
DA:31,1
DA:32,1
DA:34,1
DA:37,1
DA:40,1
DA:41,1
DA:42,1
DA:43,1
DA:44,1
DA:45,1
DA:46,1
DA:47,1
DA:48,1
DA:49,1
DA:50,1
DA:51,1
DA:52,1
DA:53,1
DA:54,1
DA:55,1
DA:56,1
DA:57,1
DA:58,1
DA:59,1
DA:60,1
DA:61,1
DA:62,1
DA:63,1
DA:64,1
DA:65,1
DA:66,1
DA:67,1
DA:68,1
DA:69,1
DA:72,1
DA:73,1
DA:74,1
DA:77,1
DA:78,1
DA:79,1
DA:80,1
DA:83,1
DA:84,1
DA:85,1
DA:86,1
DA:88,1
DA:89,1
DA:90,1
DA:91,1
DA:92,1
DA:93,1
DA:94,0
DA:95,1
DA:96,1
DA:98,1
DA:106,1
DA:107,1
DA:109,1
DA:110,1
DA:111,1
DA:113,1
DA:114,1
DA:115,1
DA:117,1
DA:118,0
DA:121,1
DA:122,0
DA:123,0
DA:125,0
DA:126,0
DA:127,0
DA:130,1
DA:132,1
DA:133,1
DA:134,1
DA:135,1
DA:136,1
DA:137,1
DA:138,0
DA:139,0
DA:142,1
DA:145,1
DA:146,1
DA:147,1
DA:148,1
DA:149,1
DA:151,1
DA:152,0
DA:154,1
DA:155,1
DA:156,1
DA:159,1
DA:160,1
DA:161,0
DA:163,1
DA:164,1
DA:166,1
DA:167,0
DA:169,1
DA:170,0
DA:173,1
DA:174,0
DA:175,0
DA:176,0
DA:177,0
DA:178,0
DA:179,0
DA:180,0
DA:181,1
DA:182,1
DA:183,1
DA:184,1
DA:185,0
DA:186,1
DA:187,1
DA:188,1
DA:189,1
DA:190,0
DA:191,0
DA:194,1
DA:195,1
DA:196,1
DA:197,1
DA:199,1
DA:200,1
DA:201,0
DA:202,1
DA:204,1
DA:206,0
DA:208,1
DA:210,1
DA:211,1
DA:213,1
DA:214,1
DA:215,1
DA:216,1
DA:218,1
DA:219,1
DA:220,1
DA:221,1
DA:222,1
DA:223,1
DA:224,1
DA:228,1
DA:229,0
DA:230,0
DA:232,1
DA:233,1
DA:239,1
DA:240,1
DA:241,1
DA:243,1
DA:244,1
DA:245,1
DA:247,1
DA:249,1
DA:250,1
DA:251,1
DA:252,1
DA:285,1
DA:286,1
DA:289,1
DA:292,1
DA:293,1
DA:294,1
DA:295,1
DA:296,1
DA:298,1
DA:299,1
DA:301,1
DA:302,1
DA:305,1
DA:308,1
DA:309,1
DA:310,1
DA:311,1
DA:312,1
DA:313,1
DA:315,1
DA:316,1
DA:317,1
DA:324,1
DA:325,1
DA:328,1
DA:331,1
DA:332,1
DA:333,1
DA:334,1
DA:335,1
DA:336,1
DA:337,1
DA:339,1
DA:340,1
DA:342,1
DA:343,1
DA:346,1
DA:349,1
DA:350,1
DA:351,1
DA:352,1
DA:353,1
DA:354,1
DA:355,1
DA:356,1
DA:357,1
DA:359,1
DA:360,1
DA:362,1
DA:363,1
DA:366,1
DA:370,1
DA:371,1
DA:372,1
DA:373,1
DA:374,1
DA:375,1
DA:376,1
DA:377,1
DA:378,1
DA:379,1
DA:380,1
DA:382,1
DA:383,1
DA:384,1
DA:391,1
DA:392,1
DA:395,1
DA:399,1
DA:400,1
DA:401,1
DA:402,1
DA:403,1
DA:404,1
DA:405,1
DA:406,1
DA:407,1
DA:408,1
DA:410,1
DA:411,1
DA:413,1
DA:414,1
DA:417,1
DA:420,1
DA:421,1
DA:422,1
DA:423,1
DA:424,1
DA:427,1
DA:428,1
DA:431,1
DA:432,1
DA:433,1
DA:434,1
DA:435,1
DA:437,1
DA:438,1
DA:439,1
DA:445,1
DA:446,1
DA:449,1
DA:452,1
DA:453,1
DA:454,1
DA:455,1
DA:456,1
DA:457,1
DA:458,1
DA:459,1
DA:460,1
DA:461,1
DA:462,1
DA:463,1
DA:465,1
DA:466,1
DA:468,1
DA:469,1
DA:472,1
DA:475,1
DA:476,1
DA:477,1
DA:478,1
DA:479,1
DA:480,1
DA:481,1
DA:482,1
DA:483,1
DA:484,1
DA:485,1
DA:486,1
DA:488,1
DA:489,1
DA:490,1
DA:502,1
DA:503,1
DA:506,1
DA:509,1
DA:510,1
DA:511,1
DA:512,1
DA:513,1
DA:514,1
DA:515,1
DA:516,1
DA:517,1
DA:520,1
DA:521,1
DA:522,1
DA:524,1
DA:525,1
DA:526,1
DA:532,1
DA:533,1
DA:536,1
DA:541,1
DA:542,1
DA:544,1
DA:545,1
DA:546,1
DA:548,1
DA:549,1
DA:552,1
DA:555,1
DA:556,1
DA:557,1
DA:558,1
DA:559,1
DA:560,1
DA:561,1
DA:562,1
DA:564,1
DA:565,1
DA:566,1
DA:575,1
DA:576,1
DA:579,1
DA:582,1
DA:583,1
DA:584,1
DA:585,1
DA:586,1
DA:587,1
DA:588,1
DA:589,1
DA:590,1
DA:591,1
DA:592,1
DA:593,1
DA:594,1
DA:596,1
DA:597,1
DA:598,1
DA:600,1
DA:601,1
DA:604,1
DA:608,1
DA:609,1
DA:610,1
DA:611,1
DA:612,1
DA:613,1
DA:615,1
DA:616,1
DA:618,1
DA:619,1
DA:622,1
DA:626,1
DA:627,1
DA:628,1
DA:629,1
DA:630,1
DA:632,1
DA:633,1
DA:635,1
DA:636,1
DA:637,1
DA:641,1
DA:644,1
LF:381
LH:354
FN:90,96,Trip.normalize_idle_duration
FNDA:1,Trip.normalize_idle_duration
FN:107,111,Trip.parse_datetime_fields
FNDA:1,Trip.parse_datetime_fields
FN:115,206,Trip.validate_gps_data
FNDA:1,Trip.validate_gps_data
FN:132,139,Trip.validate_gps_data.valid_coord
FNDA:1,Trip.validate_gps_data.valid_coord
FN:208,247,Trip.validate_meaningful
FNDA:1,Trip.validate_meaningful
FNF:5
FNH:5
end_of_record
SF:exports/auth.py
DA:1,1
DA:3,1
DA:6,1
DA:7,1
DA:8,1
DA:11,1
DA:12,1
DA:13,1
LF:8
LH:8
FN:6,8,get_owner_key
FNDA:1,get_owner_key
FN:11,16,enforce_owner
FNDA:1,enforce_owner
FNF:2
FNH:2
end_of_record
SF:exports/serializers.py
DA:1,1
DA:3,1
DA:4,1
DA:6,1
DA:7,1
DA:9,1
DA:10,1
DA:19,1
DA:20,1
DA:21,1
DA:22,1
DA:23,1
DA:24,1
DA:25,1
DA:26,1
DA:27,0
DA:30,1
DA:31,1
DA:32,0
DA:33,1
DA:34,1
DA:35,1
DA:36,1
DA:37,1
DA:38,1
DA:39,1
DA:42,1
DA:43,1
DA:44,1
DA:45,0
DA:48,1
DA:49,1
DA:50,1
DA:51,1
DA:52,1
DA:53,1
DA:54,1
DA:55,1
DA:56,1
DA:59,1
DA:60,1
DA:61,1
DA:62,1
DA:63,0
DA:64,0
DA:67,1
DA:68,1
DA:69,1
DA:70,1
DA:71,1
DA:72,1
DA:73,1
DA:74,1
DA:75,0
DA:76,0
DA:77,0
DA:78,0
DA:81,1
DA:82,1
DA:83,1
DA:85,1
DA:155,1
DA:160,1
DA:161,1
DA:163,1
DA:164,1
DA:174,1
DA:177,1
DA:178,1
DA:179,1
DA:180,1
DA:183,1
DA:184,0
DA:185,0
DA:186,0
DA:189,1
DA:190,1
DA:210,1
DA:213,1
DA:214,1
DA:227,1
LF:81
LH:69
FN:19,27,format_datetime
FNDA:1,format_datetime
FN:30,39,normalize_value
FNDA:1,normalize_value
FN:42,45,_get_value
FNDA:1,_get_value
FN:48,56,_get_value_with_fallback
FNDA:1,_get_value_with_fallback
FN:59,64,_get_trip_id
FNDA:1,_get_trip_id
FN:67,78,_calculate_duration_seconds
FNDA:1,_calculate_duration_seconds
FN:81,152,build_trip_values
FNDA:1,build_trip_values
FN:155,174,serialize_trip_record
FNDA:1,serialize_trip_record
FN:177,180,serialize_trip_properties
FNDA:1,serialize_trip_properties
FN:183,186,serialize_trip_base
FNDA:0,serialize_trip_base
FN:189,210,serialize_street_properties
FNDA:1,serialize_street_properties
FN:213,227,serialize_boundary_properties
FNDA:1,serialize_boundary_properties
FNF:12
FNH:11
end_of_record
SF:routes/routing.py
DA:3,1
DA:4,1
DA:6,1
DA:7,1
DA:9,1
DA:11,1
DA:12,1
DA:15,1
DA:16,1
DA:17,1
DA:20,1
DA:21,1
DA:24,1
DA:25,1
DA:26,1
DA:27,1
DA:28,1
DA:29,1
DA:30,1
DA:33,1
DA:34,1
DA:35,1
DA:37,1
DA:38,1
DA:39,0
DA:41,1
DA:50,1
DA:51,1
DA:52,0
DA:53,0
DA:54,0
DA:55,0
DA:56,0
DA:57,0
DA:59,0
LF:35
LH:27
FN:25,47,route_endpoint
FNDA:1,route_endpoint
FN:51,59,eta_endpoint
FNDA:0,eta_endpoint
FNF:2
FNH:1
end_of_record
